\BOOKMARK [0][-]{chapter*.2}{\376\377\000\332\000v\000o\000d}{}% 1
\BOOKMARK [0][-]{chapter.1}{\376\377\000P\000o\001\015\000\341\000t\000k\000y\000\040\000m\001\033\000s\000t\000a\000\040\000T\001\131\000e\000b\000\355\001\015\000e}{}% 2
\BOOKMARK [1][-]{section.1.1}{\376\377\000C\000h\000a\000r\000a\000k\000t\000e\000r\000i\000s\000t\000i\000k\000a\000\040\000m\001\033\000s\000t\000a\000\040\000T\001\131\000e\000b\000\355\001\015\000e}{chapter.1}% 3
\BOOKMARK [1][-]{section.1.2}{\376\377\000V\000z\000n\000i\000k\000\040\000k\000l\000\341\001\141\000t\000e\000r\000a}{chapter.1}% 4
\BOOKMARK [1][-]{section.1.3}{\376\377\000T\000r\001\176\000n\000\355\000\040\000o\000s\000a\000d\000y\000\040\000o\000k\000o\000l\000o\000\040\000k\000l\000\341\001\141\000t\000e\000r\000a}{chapter.1}% 5
\BOOKMARK [2][-]{subsection.1.3.1}{\376\377\000P\000o\000d\000k\000l\000\341\001\141\000t\000e\001\131\000\355}{section.1.3}% 6
\BOOKMARK [2][-]{subsection.1.3.2}{\376\377\000V\000z\000n\000i\000k\000\040\000S\000t\000a\000r\000\351\000h\000o\000\040\000m\001\033\000s\000t\000a}{section.1.3}% 7
\BOOKMARK [1][-]{section.1.4}{\376\377\000Z\000a\000l\000o\001\176\000e\000n\000\355\000\040\000m\001\033\000s\000t\000a\000\040\000T\001\131\000e\000b\000\355\001\015}{chapter.1}% 8
\BOOKMARK [0][-]{chapter.2}{\376\377\000P\000o\000z\000d\001\033\000j\001\141\000\355\000\040\000v\000\375\000v\000o\000j\000\040\000m\001\033\000s\000t\000a\000\040\000T\001\131\000e\000b\000\355\001\015\000e}{}% 9
\BOOKMARK [1][-]{section.2.1}{\376\377\000B\000i\000t\000v\000a\000\040\000n\000a\000\040\000m\000o\000r\000a\000v\000s\000k\000\351\000m\000\040\000p\000o\000l\000i\000\040\000a\001\176\000\040\000n\000\341\000s\000t\000u\000p\000\040\000P\000e\000r\000n\001\141\000t\000e\000j\000n\001\157}{chapter.2}% 10
\BOOKMARK [1][-]{section.2.2}{\376\377\000V\000l\000\341\000d\000a\000\040\000P\000e\000r\000n\001\141\000t\000e\000j\000n\001\157}{chapter.2}% 11
\BOOKMARK [1][-]{section.2.3}{\376\377\000V\000l\000\341\000d\000a\000\040\000O\000s\000o\000v\000c\001\157}{chapter.2}% 12
\BOOKMARK [1][-]{section.2.4}{\376\377\000T\001\131\000i\000c\000e\000t\000i\000l\000e\000t\000\341\000\040\000v\000\341\000l\000k\000a}{chapter.2}% 13
\BOOKMARK [1][-]{section.2.5}{\376\377\000O\000b\000d\000o\000b\000\355\000\040\000r\000e\000k\000a\000t\000o\000l\000i\000z\000a\000c\000e}{chapter.2}% 14
\BOOKMARK [1][-]{section.2.6}{\376\377\000S\000p\000o\000r\000y\000\040\000m\000e\000z\000i\000\040\000m\001\033\001\141\001\145\000a\000n\000y\000\040\000a\000\040\000v\000r\000c\000h\000n\000o\000s\000t\000\355}{chapter.2}% 15
\BOOKMARK [1][-]{section.2.7}{\376\377\000V\000l\000\341\000d\000a\000\040\000M\000a\000r\000i\000e\000\040\000T\000e\000r\000e\000z\000i\000e\000,\000\040\000J\000o\000s\000e\000f\000a\000\040\000I\000I\000\040\000a\000\040\000n\000a\000p\000o\000l\000e\000o\000n\000s\000k\000\351\000\040\000v\000\341\000l\000k\000y}{chapter.2}% 16
\BOOKMARK [1][-]{section.2.8}{\376\377\000I\000n\000d\000u\000s\000t\000r\000i\000a\000l\000i\000z\000a\000c\000e\000\040\000a\000\040\000n\000\341\000r\000o\000d\000n\000\355\000\040\000h\000n\000u\000t\000\355\000\040\000v\000\040\000T\001\131\000e\000b\000\355\001\015\000i}{chapter.2}% 17
\BOOKMARK [1][-]{section.2.9}{\376\377\000P\000r\000u\000s\000k\000o\000-\000r\000a\000k\000o\000u\000s\000k\000\351\000\040\000v\000\341\000l\000k\000y}{chapter.2}% 18
\BOOKMARK [1][-]{section.2.10}{\376\377\000D\000a\000l\001\141\000\355\000\040\000v\000\375\000v\000o\000j}{chapter.2}% 19
\BOOKMARK [0][-]{chapter.3}{\376\377\000D\001\033\000j\000i\000n\000y\000\040\001\176\000i\000d\000o\000v\000s\000k\000\351\000h\000o\000\040\000m\001\033\000s\000t\000a\000\040\000v\000\040\000T\001\131\000e\000b\000\355\001\015\000i}{}% 20
\BOOKMARK [1][-]{section.3.1}{\376\377\000Z\000a\000l\000o\001\176\000e\000n\000\355\000\040\001\176\000i\000d\000o\000v\000s\000k\000\351\000\040\000o\000b\000c\000e\000\040\000a\001\176\000\040\000u\000t\000v\000o\001\131\000e\000n\000\355\000\040\000g\000h\000e\000t\000t\000a}{chapter.3}% 21
\BOOKMARK [2][-]{subsection.3.1.1}{\376\377\000H\000o\000s\000p\000o\000d\000\341\001\131\000s\000k\000\341\000\040\000s\000i\000t\000u\000a\000c\000e\000\040\000t\001\131\000e\000b\000\355\001\015\000s\000k\000\375\000c\000h\000\040\001\175\000i\000d\001\157}{section.3.1}% 22
\BOOKMARK [1][-]{section.3.2}{\376\377\000V\000z\000n\000i\000k\000\040\001\176\000i\000d\000o\000v\000s\000k\000\351\000h\000o\000\040\000g\000h\000e\000t\000t\000a}{chapter.3}% 23
\BOOKMARK [1][-]{section.3.3}{\376\377\001\175\000i\000d\000o\000v\000s\000k\000\351\000\040\000g\000h\000e\000t\000t\000o\000\040\000a\000\040\000m\001\033\000s\000t\000o}{chapter.3}% 24
\BOOKMARK [2][-]{subsection.3.3.1}{\376\377\000O\000r\000g\000a\000n\000i\000z\000a\000c\000e\000\040\000g\000h\000e\000t\000t\000a\000\040\000a\000\040\000m\001\033\000s\000t\000a}{section.3.3}% 25
\BOOKMARK [1][-]{section.3.4}{\376\377\001\175\000i\000d\000o\000v\000s\000k\000\351\000\040\000m\001\033\000s\000t\000o\000\040\000j\000a\000k\000o\000\040\000p\000a\000m\000\341\000t\000k\000a\000\040\000U\000N\000E\000S\000C\000O}{chapter.3}% 26
\BOOKMARK [0][-]{chapter.4}{\376\377\000V\000z\000\341\000j\000e\000m\000n\000\351\000\040\000v\000z\000t\000a\000h\000y\000\040\001\175\000i\000d\001\157\000\040\000s\000e\000\040\000T\001\131\000e\000b\000\355\001\015\000\355}{}% 27
\BOOKMARK [1][-]{section.4.1}{\376\377\000S\000o\000u\001\176\000i\000t\000\355\000\040\001\175\000i\000d\001\157\000\040\000s\000e\000\040\001\141\000l\000e\000c\000h\000t\000o\000u}{chapter.4}% 28
\BOOKMARK [1][-]{section.4.2}{\376\377\000S\000o\000u\001\176\000i\000t\000\355\000\040\001\175\000i\000d\001\157\000\040\000s\000\040\000m\001\033\001\141\001\145\000a\000n\000y}{chapter.4}% 29
\BOOKMARK [0][-]{chapter.5}{\376\377\000S\000t\000a\000v\000b\000y\000\040\001\176\000i\000d\000o\000v\000s\000k\000\351\000\040\001\015\000t\000v\000r\000t\000i}{}% 30
\BOOKMARK [1][-]{section.5.1}{\376\377\000A\000r\000c\000h\000i\000t\000e\000k\000t\000u\000r\000a}{chapter.5}% 31
\BOOKMARK [1][-]{section.5.2}{\376\377\000S\000y\000n\000a\000g\000o\000g\000y}{chapter.5}% 32
\BOOKMARK [2][-]{subsection.5.2.1}{\376\377\000P\001\131\000e\000d\000n\000\355\000\040\000\050\000S\000t\000a\000r\000\341\000\051\000\040\000s\000y\000n\000a\000g\000o\000g\000a}{section.5.2}% 33
\BOOKMARK [2][-]{subsection.5.2.2}{\376\377\000Z\000a\000d\000n\000\355\000\040\000\050\000N\000o\000v\000\341\000\051\000\040\000s\000y\000n\000a\000g\000o\000g\000a}{section.5.2}% 34
\BOOKMARK [1][-]{section.5.3}{\376\377\000R\000a\000b\000\355\000n\001\157\000v\000\040\000d\001\157\000m}{chapter.5}% 35
\BOOKMARK [1][-]{section.5.4}{\376\377\000R\000i\000t\000u\000\341\000l\000n\000\355\000\040\000l\000\341\000z\000n\001\033\000\040\040\023\000\040\000m\000i\000k\000v\000e}{chapter.5}% 36
\BOOKMARK [1][-]{section.5.5}{\376\377\001\175\000i\000d\000o\000v\000s\000k\000\341\000\040\001\141\000k\000o\000l\000a}{chapter.5}% 37
\BOOKMARK [1][-]{section.5.6}{\376\377\001\140\000p\000i\000t\000\341\000l}{chapter.5}% 38
\BOOKMARK [1][-]{section.5.7}{\376\377\001\175\000i\000d\000o\000v\000s\000k\000\375\000\040\000h\001\131\000b\000i\000t\000o\000v}{chapter.5}% 39
\BOOKMARK [0][-]{chapter*.12}{\376\377\000Z\000\341\000v\001\033\000r}{}% 40
\BOOKMARK [0][-]{chapter*.13}{\376\377\000S\000e\000z\000n\000a\000m\000\040\000p\000o\000u\001\176\000i\000t\000\351\000\040\000l\000i\000t\000e\000r\000a\000t\000u\000r\000y}{}% 41
\BOOKMARK [0][-]{chapter*.14}{\376\377\000O\000n\000l\000i\000n\000e\000\040\000z\000r\000o\000j\000e}{}% 42
\BOOKMARK [0][-]{chapter*.15}{\376\377\000S\000e\000z\000n\000a\000m\000\040\000o\000b\000r\000\341\000z\000k\001\157}{}% 43
